<?xml version="1.0" encoding="utf-8"?><testsuites name="pytest tests"><testsuite name="pytest" errors="0" failures="0" skipped="0" tests="12" time="3.965" timestamp="2026-03-23T02:49:05.146418+00:00" hostname="agent-env-1312f307-b6bf-4c6c-819b-74cad8b860ff"><testcase classname="backend.tests.test_api_endpoints.TestAuthentication" name="test_login_success" time="0.436" /><testcase classname="backend.tests.test_api_endpoints.TestAuthentication" name="test_login_invalid_credentials" time="0.156" /><testcase classname="backend.tests.test_api_endpoints.TestVesselsAPI" name="test_get_vessels_returns_list" time="0.515" /><testcase classname="backend.tests.test_api_endpoints.TestVesselsAPI" name="test_vessels_no_duplicates" time="0.106" /><testcase classname="backend.tests.test_api_endpoints.TestIncidentsAPI" name="test_get_incidents_returns_list" time="0.515" /><testcase classname="backend.tests.test_api_endpoints.TestIncidentsAPI" name="test_incidents_have_required_fields" time="0.146" /><testcase classname="backend.tests.test_api_endpoints.TestDocumentsAPI" name="test_get_documents_returns_list" time="0.490" /><testcase classname="backend.tests.test_api_endpoints.TestDocumentsAPI" name="test_documents_have_filter_fields" time="0.113" /><testcase classname="backend.tests.test_api_endpoints.TestCrewAPI" name="test_get_crew_returns_list" time="0.480" /><testcase classname="backend.tests.test_api_endpoints.TestCrewAPI" name="test_get_crew_member_by_id" time="0.315" /><testcase classname="backend.tests.test_api_endpoints.TestTripsAPI" name="test_get_trips_returns_list" time="0.444" /><testcase classname="backend.tests.test_api_endpoints.TestHealthEndpoint" name="test_health_check" time="0.135" /></testsuite></testsuites>